#
# There is insufficient memory for the Java Runtime Environment to continue.
# Native memory allocation (mmap) failed to map 132120576 bytes. Error detail: G1 virtual space
# Possible reasons:
#   The system is out of physical RAM or swap space
#   This process is running with CompressedOops enabled, and the Java Heap may be blocking the growth of the native heap
# Possible solutions:
#   Reduce memory load on the system
#   Increase physical memory or swap space
#   Check if swap backing store is full
#   Decrease Java heap size (-Xmx/-Xms)
#   Decrease number of Java threads
#   Decrease Java thread stack sizes (-Xss)
#   Set larger code cache with -XX:ReservedCodeCacheSize=
#   JVM is running with Unscaled Compressed Oops mode in which the Java heap is
#     placed in the first 4GB address space. The Java Heap base address is the
#     maximum limit for the native heap growth. Please use -XX:HeapBaseMinAddress
#     to set the Java Heap base and to place the Java Heap above 4GB virtual address.
# This output file may be truncated or incomplete.
#
#  Out of Memory Error (os_windows.cpp:3925), pid=11504, tid=17980
#
# JRE version:  (21.0.8) (build )
# Java VM: OpenJDK 64-Bit Server VM (21.0.8+-14018985-b1038.68, mixed mode, sharing, tiered, compressed oops, compressed class ptrs, g1 gc, windows-amd64)
# No core dump will be written. Minidumps are not enabled by default on client versions of Windows
#

---------------  S U M M A R Y ------------

Command Line: git4idea.http.GitAskPassApp Username for 'https://github.com': 

Host: Intel(R) Core(TM) i5-8250U CPU @ 1.60GHz, 8 cores, 7G,  Windows 11 , 64 bit Build 28000 (10.0.28000.1)
Time: Mon Jan  5 20:42:19 2026 Pakistan Standard Time elapsed time: 0.039433 seconds (0d 0h 0m 0s)

---------------  T H R E A D  ---------------

Current thread (0x0000008000ac9830):  JavaThread "Unknown thread" [_thread_in_vm, id=17980, stack(0x00000080008d0000,0x00000080009d0000) (1024K)]

Stack: [0x00000080008d0000,0x00000080009d0000]
Native frames: (J=compiled Java code, j=interpreted, Vv=VM code, C=native code)
V  [jvm.dll+0x6d68d9]
V  [jvm.dll+0x866693]
V  [jvm.dll+0x868c4e]
V  [jvm.dll+0x869333]
V  [jvm.dll+0x280566]
V  [jvm.dll+0x6d3195]
V  [jvm.dll+0x6c69ea]
V  [jvm.dll+0x3586db]
V  [jvm.dll+0x360336]
V  [jvm.dll+0x3b23f6]
V  [jvm.dll+0x3b26c8]
V  [jvm.dll+0x32ae6c]
V  [jvm.dll+0x32bb5b]
V  [jvm.dll+0x82e109]
V  [jvm.dll+0x3bf5c8]
V  [jvm.dll+0x817388]
V  [jvm.dll+0x453b6e]
V  [jvm.dll+0x4552d1]
C  [jli.dll+0x52ab]
C  [ucrtbase.dll+0x27930]
C  [KERNEL32.DLL+0x35c07]
C  [ntdll.dll+0x79cc0]


---------------  P R O C E S S  ---------------

Threads class SMR info:
_java_thread_list=0x00007ffc64d9b988, length=0, elements={
}

Java Threads: ( => current thread )
Total: 0

Other Threads:
  0x0000008000b1aff0 WorkerThread "GC Thread#0"                     [id=15400, stack(0x00000080124c0000,0x00000080125c0000) (1024K)]
  0x0000008000b2f4a0 ConcurrentGCThread "G1 Main Marker"            [id=17832, stack(0x00000080125c0000,0x00000080126c0000) (1024K)]
  0x0000008000b30de0 WorkerThread "G1 Conc#0"                       [id=18068, stack(0x00000080126c0000,0x00000080127c0000) (1024K)]

[error occurred during error reporting (printing all threads), id 0xc0000005, EXCEPTION_ACCESS_VIOLATION (0xc0000005) at pc=0x00007ffc6458ddd7]
VM state: not at safepoint (not fully initialized)

VM Mutex/Monitor currently owned by a thread:  ([mutex/lock_event])
[0x00007ffc64e086b8] Heap_lock - owner thread: 0x0000008000ac9830

Heap address: 0x0000000082600000, size: 2010 MB, Compressed Oops mode: 32-bit

CDS archive(s) mapped at: [0x0000000000000000-0x0000000000000000-0x0000000000000000), size 0, SharedBaseAddress: 0x0000000800000000, ArchiveRelocationMode: 1.
Narrow klass base: 0x0000000000000000, Narrow klass shift: 0, Narrow klass range: 0x0

GC Precious Log:
 CardTable entry size: 512
 Card Set container configuration: InlinePtr #cards 5 size 8 Array Of Cards #cards 12 size 40 Howl #buckets 4 coarsen threshold 1843 Howl Bitmap #cards 512 size 80 coarsen threshold 460 Card regions per heap region 1 cards per card region 2048

Heap:
 garbage-first heap   total 0K, used 0K [0x0000000082600000, 0x0000000100000000)
  region size 1024K, 0 young (0K), 0 survivors (0K)
 Metaspace       used 0K, committed 0K, reserved 0K
  class space    used 0K, committed 0K, reserved 0K

Heap Regions: E=young(eden), S=young(survivor), O=old, HS=humongous(starts), HC=humongous(continues), CS=collection set, F=free, TAMS=top-at-mark-start, PB=parsable bottom

Card table byte_map: [0x0000008010160000,0x0000008010550000] _byte_map_base: 0x000000800fd4d000

Marking Bits: (CMBitMap*) 0x0000008000b1e530
 Bits: [0x0000008010550000, 0x00000080124b8000)

GC Heap History (0 events):
No events

Dll operation events (1 events):
Event: 0.011 Loaded shared library C:\Program Files\Android\Android Studio2\jbr\bin\java.dll

Deoptimization events (0 events):
No events

Classes loaded (0 events):
No events

Classes unloaded (0 events):
No events

Classes redefined (0 events):
No events

Internal exceptions (0 events):
No events

ZGC Phase Switch (0 events):
No events

VM Operations (0 events):
No events

Memory protections (0 events):
No events

Nmethod flushes (0 events):
No events

Events (0 events):
No events


Dynamic libraries:
0x00007ff7627e0000 - 0x00007ff7627ea000 	C:\Program Files\Android\Android Studio2\jbr\bin\java.exe
0x00007ffcb3820000 - 0x00007ffcb3a81000 	C:\WINDOWS\SYSTEM32\ntdll.dll
0x00007ffcb1e10000 - 0x00007ffcb1eda000 	C:\WINDOWS\System32\KERNEL32.DLL
0x00007ffcb09f0000 - 0x00007ffcb0de8000 	C:\WINDOWS\System32\KERNELBASE.dll
0x00007ffcb1060000 - 0x00007ffcb11af000 	C:\WINDOWS\System32\ucrtbase.dll
0x00007ffc9c3c0000 - 0x00007ffc9c3d8000 	C:\Program Files\Android\Android Studio2\jbr\bin\jli.dll
0x00007ffca9650000 - 0x00007ffca966b000 	C:\Program Files\Android\Android Studio2\jbr\bin\VCRUNTIME140.dll
0x00007ffcb3320000 - 0x00007ffcb34e7000 	C:\WINDOWS\System32\USER32.dll
0x00007ffcb0850000 - 0x00007ffcb0877000 	C:\WINDOWS\System32\win32u.dll
0x00007ffcb30e0000 - 0x00007ffcb3113000 	C:\WINDOWS\System32\GDI32.dll
0x00007ffc9aa20000 - 0x00007ffc9acb7000 	C:\WINDOWS\WinSxS\amd64_microsoft.windows.common-controls_6595b64144ccf1df_6.0.28000.1_none_ccab91d045fcb11b\COMCTL32.dll
0x00007ffcb1540000 - 0x00007ffcb15e9000 	C:\WINDOWS\System32\msvcrt.dll
0x00007ffcb0e70000 - 0x00007ffcb0f96000 	C:\WINDOWS\System32\gdi32full.dll
0x00007ffcb11c0000 - 0x00007ffcb1264000 	C:\WINDOWS\System32\msvcp_win.dll
0x00007ffcb1ce0000 - 0x00007ffcb1d84000 	C:\WINDOWS\System32\sechost.dll
0x00007ffcb15f0000 - 0x00007ffcb1620000 	C:\WINDOWS\System32\IMM32.DLL
0x00007ffca75a0000 - 0x00007ffca75ac000 	C:\Program Files\Android\Android Studio2\jbr\bin\vcruntime140_1.dll
0x00007ffc65090000 - 0x00007ffc6511d000 	C:\Program Files\Android\Android Studio2\jbr\bin\msvcp140.dll
0x00007ffc64250000 - 0x00007ffc64ee6000 	C:\Program Files\Android\Android Studio2\jbr\bin\server\jvm.dll
0x00007ffcb1630000 - 0x00007ffcb16e4000 	C:\WINDOWS\System32\ADVAPI32.dll
0x00007ffcb1ef0000 - 0x00007ffcb200a000 	C:\WINDOWS\System32\RPCRT4.dll
0x00007ffcb1b80000 - 0x00007ffcb1bf5000 	C:\WINDOWS\System32\WS2_32.dll
0x00007ffcb06e0000 - 0x00007ffcb073f000 	C:\WINDOWS\SYSTEM32\POWRPROF.dll
0x00007ffc9eb70000 - 0x00007ffc9eb7b000 	C:\WINDOWS\SYSTEM32\VERSION.dll
0x00007ffc99250000 - 0x00007ffc99285000 	C:\WINDOWS\SYSTEM32\WINMM.dll
0x00007ffcb06c0000 - 0x00007ffcb06da000 	C:\WINDOWS\SYSTEM32\UMPDC.dll
0x00007ffcaf670000 - 0x00007ffcaf68b000 	C:\WINDOWS\SYSTEM32\kernel.appcore.dll
0x00007ffca6b90000 - 0x00007ffca6b9a000 	C:\Program Files\Android\Android Studio2\jbr\bin\jimage.dll
0x00007ffcae110000 - 0x00007ffcae3e2000 	C:\WINDOWS\SYSTEM32\DBGHELP.DLL
0x00007ffcb2970000 - 0x00007ffcb2cef000 	C:\WINDOWS\System32\combase.dll
0x00007ffcb1c00000 - 0x00007ffcb1cd8000 	C:\WINDOWS\System32\OLEAUT32.dll
0x00007ffca6ec0000 - 0x00007ffca6f0a000 	C:\WINDOWS\SYSTEM32\dbgcore.DLL
0x00007ffcb1270000 - 0x00007ffcb130f000 	C:\WINDOWS\System32\bcryptPrimitives.dll
0x00007ffca5880000 - 0x00007ffca58a0000 	C:\Program Files\Android\Android Studio2\jbr\bin\java.dll

JVMTI agents: none

dbghelp: loaded successfully - version: 4.0.5 - missing functions: none
symbol engine: initialized successfully - sym options: 0x614 - pdb path: .;C:\Program Files\Android\Android Studio2\jbr\bin;C:\WINDOWS\SYSTEM32;C:\WINDOWS\WinSxS\amd64_microsoft.windows.common-controls_6595b64144ccf1df_6.0.28000.1_none_ccab91d045fcb11b;C:\Program Files\Android\Android Studio2\jbr\bin\server

VM Arguments:
java_command: git4idea.http.GitAskPassApp Username for 'https://github.com': 
java_class_path (initial): C:/Program Files/Android/Android Studio2/plugins/vcs-git/lib/git4idea-rt.jar;C:/Program Files/Android/Android Studio2/lib/externalProcess-rt.jar
Launcher Type: SUN_STANDARD

[Global flags]
     intx CICompilerCount                          = 4                                         {product} {ergonomic}
     uint ConcGCThreads                            = 2                                         {product} {ergonomic}
     uint G1ConcRefinementThreads                  = 8                                         {product} {ergonomic}
   size_t G1HeapRegionSize                         = 1048576                                   {product} {ergonomic}
    uintx GCDrainStackTargetSize                   = 64                                        {product} {ergonomic}
   size_t InitialHeapSize                          = 132120576                                 {product} {ergonomic}
   size_t MarkStackSize                            = 4194304                                   {product} {ergonomic}
   size_t MaxHeapSize                              = 2107637760                                {product} {ergonomic}
   size_t MinHeapDeltaBytes                        = 1048576                                   {product} {ergonomic}
   size_t MinHeapSize                              = 8388608                                   {product} {ergonomic}
    uintx NonNMethodCodeHeapSize                   = 5839372                                {pd product} {ergonomic}
    uintx NonProfiledCodeHeapSize                  = 122909434                              {pd product} {ergonomic}
    uintx ProfiledCodeHeapSize                     = 122909434                              {pd product} {ergonomic}
    uintx ReservedCodeCacheSize                    = 251658240                              {pd product} {ergonomic}
     bool SegmentedCodeCache                       = true                                      {product} {ergonomic}
   size_t SoftMaxHeapSize                          = 2107637760                             {manageable} {ergonomic}
     bool UseCompressedOops                        = true                           {product lp64_product} {ergonomic}
     bool UseG1GC                                  = true                                      {product} {ergonomic}
     bool UseLargePagesIndividualAllocation        = false                                  {pd product} {ergonomic}

Logging:
Log output configuration:
 #0: stdout all=warning uptime,level,tags foldmultilines=false
 #1: stderr all=off uptime,level,tags foldmultilines=false

Environment Variables:
PATH=C:/Program Files/Git/mingw64/libexec/git-core;C:/Program Files/Git/mingw64/libexec/git-core;C:\Program Files\Git\mingw64\bin;C:\Program Files\Git\usr\bin;C:\Users\Admin\bin;C:\WINDOWS\system32;C:\WINDOWS;C:\WINDOWS\System32\Wbem;C:\WINDOWS\System32\WindowsPowerShell\v1.0\;C:\WINDOWS\System32\OpenSSH\;C:\Program Files\Microsoft SQL Server\110\Tools\Binn\;D:\;C:\Program Files\Microsoft SQL Server\150\Tools\Binn\;C:\Program Files\Git\cmd;C:\Users\Admin\AppData\Local\Microsoft\WindowsApps;C:\Users\Admin\AppData\Local\Programs\Microsoft VS Code\bin;C:\Users\Admin\AppData\Roaming\npm;C:\Users\Admin\.dotnet\tools;C:\Users\Admin\AppData\Local\GitHubDesktop\bin
USERNAME=Admin
DISPLAY=:0.0
LC_ALL=en_US.UTF-8
TERM=xterm-256color
TMPDIR=C:\Users\Admin\AppData\Local\Temp
OS=Windows_NT
PROCESSOR_IDENTIFIER=Intel64 Family 6 Model 142 Stepping 10, GenuineIntel
TMP=C:\Users\Admin\AppData\Local\Temp
TEMP=C:\Users\Admin\AppData\Local\Temp




Periodic native trim disabled

JNI global refs:
JNI global refs: 0, weak refs: 0

JNI global refs memory usage: 0, weak refs: 0

Process memory usage:
Resident Set Size: 12944K (0% of 8228052K total physical memory with 608280K free physical memory)

OOME stack traces (most recent first):
Classloader memory used:

---------------  S Y S T E M  ---------------

OS:
 Windows 11 , 64 bit Build 28000 (10.0.28000.1)
OS uptime: 4 days 1:05 hours
Hyper-V role detected

CPU: total 8 (initial active 8) (4 cores per cpu, 2 threads per core) family 6 model 142 stepping 10 microcode 0xf6, cx8, cmov, fxsr, ht, mmx, 3dnowpref, sse, sse2, sse3, ssse3, sse4.1, sse4.2, popcnt, lzcnt, tsc, tscinvbit, avx, avx2, aes, erms, clmul, bmi1, bmi2, adx, fma, vzeroupper, clflush, clflushopt, hv, rdtscp, f16c
Processor Information for the first 8 processors :
  Max Mhz: 1800, Current Mhz: 1600, Mhz Limit: 1584

Memory: 4k page, system-wide physical 8035M (594M free)
TotalPageFile size 12131M (AvailPageFile size 10M)
current process WorkingSet (physical memory assigned to process): 12M, peak: 12M
current process commit charge ("private bytes"): 60M, peak: 186M

vm_info: OpenJDK 64-Bit Server VM (21.0.8+-14018985-b1038.68) for windows-amd64 JRE (21.0.8+-14018985-b1038.68), built on 2025-08-29T19:56:34Z by "builder" with MS VC++ 16.10 / 16.11 (VS2019)

END.
