#
# There is insufficient memory for the Java Runtime Environment to continue.
# Native memory allocation (mmap) failed to map 3145728 bytes. Error detail: G1 virtual space
# Possible reasons:
#   The system is out of physical RAM or swap space
#   This process is running with CompressedOops enabled, and the Java Heap may be blocking the growth of the native heap
# Possible solutions:
#   Reduce memory load on the system
#   Increase physical memory or swap space
#   Check if swap backing store is full
#   Decrease Java heap size (-Xmx/-Xms)
#   Decrease number of Java threads
#   Decrease Java thread stack sizes (-Xss)
#   Set larger code cache with -XX:ReservedCodeCacheSize=
#   JVM is running with Unscaled Compressed Oops mode in which the Java heap is
#     placed in the first 4GB address space. The Java Heap base address is the
#     maximum limit for the native heap growth. Please use -XX:HeapBaseMinAddress
#     to set the Java Heap base and to place the Java Heap above 4GB virtual address.
# This output file may be truncated or incomplete.
#
#  Out of Memory Error (os_windows.cpp:3925), pid=1544, tid=7004
#
# JRE version: OpenJDK Runtime Environment (21.0.8) (build 21.0.8+-14018985-b1038.68)
# Java VM: OpenJDK 64-Bit Server VM (21.0.8+-14018985-b1038.68, mixed mode, tiered, compressed oops, compressed class ptrs, g1 gc, windows-amd64)
# No core dump will be written. Minidumps are not enabled by default on client versions of Windows
#

---------------  S U M M A R Y ------------

Command Line: -Dapplication.home=C:\Program Files\Android\Android Studio2\jbr -Xms8m -Djdk.module.main=jdk.jlink jdk.jlink/jdk.tools.jmod.Main create --module-version 21 --target-platform LINUX-OTHER --class-path C:\Users\Admin\.gradle\caches\8.13\transforms\61abe75ad9bcb57a6edf74cc0deaa840-e7b11cfc-5f20-4f96-917c-23bd4c92e539\transformed\output\temp\module.jar C:\Users\Admin\.gradle\caches\8.13\transforms\61abe75ad9bcb57a6edf74cc0deaa840-e7b11cfc-5f20-4f96-917c-23bd4c92e539\transformed\output\temp\jmod\java.base.jmod

Host: Intel(R) Core(TM) i5-8250U CPU @ 1.60GHz, 8 cores, 7G,  Windows 11 , 64 bit Build 27975 (10.0.27975.1)
Time: Sat Dec 20 13:55:14 2025 Pakistan Standard Time elapsed time: 1.235660 seconds (0d 0h 0m 1s)

---------------  T H R E A D  ---------------

Current thread (0x0000008014bb6130):  VMThread "VM Thread"          [id=7004, stack(0x0000008014d50000,0x0000008014e50000) (1024K)]

Stack: [0x0000008014d50000,0x0000008014e50000]
Native frames: (J=compiled Java code, j=interpreted, Vv=VM code, C=native code)
V  [jvm.dll+0x6d68d9]
V  [jvm.dll+0x866693]
V  [jvm.dll+0x868c4e]
V  [jvm.dll+0x869333]
V  [jvm.dll+0x280566]
V  [jvm.dll+0x6d3195]
V  [jvm.dll+0x6c69ea]
V  [jvm.dll+0x3586db]
V  [jvm.dll+0x360336]
V  [jvm.dll+0x3b23f6]
V  [jvm.dll+0x3b26c8]
V  [jvm.dll+0x32ae6c]
V  [jvm.dll+0x32aef7]
V  [jvm.dll+0x370d3c]
V  [jvm.dll+0x36f4ee]
V  [jvm.dll+0x32a5c1]
V  [jvm.dll+0x36ebf0]
V  [jvm.dll+0x86f0b8]
V  [jvm.dll+0x870434]
V  [jvm.dll+0x870970]
V  [jvm.dll+0x870c03]
V  [jvm.dll+0x80eac8]
V  [jvm.dll+0x6d512d]
C  [ucrtbase.dll+0x27930]
C  [KERNEL32.DLL+0x35c07]
C  [ntdll.dll+0x79cc0]

VM_Operation (0x0000008000a7e210): G1CollectForAllocation, mode: safepoint, requested by thread 0x0000008000b59940


---------------  P R O C E S S  ---------------

Threads class SMR info:
_java_thread_list=0x000000801a165590, length=12, elements={
0x0000008000b59940, 0x0000008014c32dd0, 0x0000008014c3dc90, 0x0000008014c46fe0,
0x000000801902d360, 0x000000801902d9d0, 0x0000008019036450, 0x0000008019037ad0,
0x000000801901fd00, 0x000000801904aea0, 0x00000080191f2340, 0x0000008019200970
}

Java Threads: ( => current thread )
  0x0000008000b59940 JavaThread "main"                              [_thread_blocked, id=16220, stack(0x0000008000980000,0x0000008000a80000) (1024K)]
  0x0000008014c32dd0 JavaThread "Common-Cleaner"             daemon [_thread_blocked, id=13516, stack(0x0000008014e50000,0x0000008014f50000) (1024K)]
  0x0000008014c3dc90 JavaThread "Reference Handler"          daemon [_thread_blocked, id=4456, stack(0x0000008019400000,0x0000008019500000) (1024K)]
  0x0000008014c46fe0 JavaThread "Finalizer"                  daemon [_thread_blocked, id=1012, stack(0x0000008019500000,0x0000008019600000) (1024K)]
  0x000000801902d360 JavaThread "Signal Dispatcher"          daemon [_thread_blocked, id=11400, stack(0x0000008019600000,0x0000008019700000) (1024K)]
  0x000000801902d9d0 JavaThread "Attach Listener"            daemon [_thread_blocked, id=3240, stack(0x0000008019700000,0x0000008019800000) (1024K)]
  0x0000008019036450 JavaThread "Service Thread"             daemon [_thread_blocked, id=3804, stack(0x0000008019800000,0x0000008019900000) (1024K)]
  0x0000008019037ad0 JavaThread "Monitor Deflation Thread"   daemon [_thread_blocked, id=2452, stack(0x0000008019900000,0x0000008019a00000) (1024K)]
  0x000000801901fd00 JavaThread "C2 CompilerThread0"         daemon [_thread_blocked, id=6352, stack(0x0000008019a00000,0x0000008019b00000) (1024K)]
  0x000000801904aea0 JavaThread "C1 CompilerThread0"         daemon [_thread_blocked, id=9272, stack(0x0000008019b00000,0x0000008019c00000) (1024K)]
  0x00000080191f2340 JavaThread "Notification Thread"        daemon [_thread_blocked, id=1800, stack(0x0000008019c00000,0x0000008019d00000) (1024K)]
  0x0000008019200970 JavaThread "C2 CompilerThread1"         daemon [_thread_blocked, id=14484, stack(0x000000801a800000,0x000000801a900000) (1024K)]
Total: 12

Other Threads:
=>0x0000008014bb6130 VMThread "VM Thread"                           [id=7004, stack(0x0000008014d50000,0x0000008014e50000) (1024K)]
  0x0000008014b6c200 WatcherThread "VM Periodic Task Thread"        [id=1932, stack(0x0000008014c50000,0x0000008014d50000) (1024K)]
  0x0000008000ba8110 WorkerThread "GC Thread#0"                     [id=8560, stack(0x0000008012550000,0x0000008012650000) (1024K)]
  0x00000080193bcaa0 WorkerThread "GC Thread#1"                     [id=7592, stack(0x0000008019d00000,0x0000008019e00000) (1024K)]
  0x00000080193d0f90 WorkerThread "GC Thread#2"                     [id=10696, stack(0x0000008019e00000,0x0000008019f00000) (1024K)]
  0x00000080193d1330 WorkerThread "GC Thread#3"                     [id=15500, stack(0x0000008019f00000,0x000000801a000000) (1024K)]
  0x0000008000bb9440 ConcurrentGCThread "G1 Main Marker"            [id=9372, stack(0x0000008012650000,0x0000008012750000) (1024K)]
  0x0000008000bbad80 WorkerThread "G1 Conc#0"                       [id=16772, stack(0x0000008012750000,0x0000008012850000) (1024K)]
  0x0000008000bef110 ConcurrentGCThread "G1 Refine#0"               [id=10660, stack(0x0000008014850000,0x0000008014950000) (1024K)]
  0x0000008000befc80 ConcurrentGCThread "G1 Service"                [id=16904, stack(0x0000008014950000,0x0000008014a50000) (1024K)]
Total: 10

Threads with active compile tasks:
Total: 0

VM state: at safepoint (normal execution)

VM Mutex/Monitor currently owned by a thread:  ([mutex/lock_event])
[0x00007ffd09a885b8] Threads_lock - owner thread: 0x0000008014bb6130
[0x00007ffd09a886b8] Heap_lock - owner thread: 0x0000008000b59940

Heap address: 0x0000000082600000, size: 2010 MB, Compressed Oops mode: 32-bit

CDS archive(s) not mapped
Compressed class space mapped at: 0x0000000100000000-0x0000000140000000, reserved size: 1073741824
Narrow klass base: 0x0000000000000000, Narrow klass shift: 3, Narrow klass range: 0x140000000

GC Precious Log:
 CardTable entry size: 512
 Card Set container configuration: InlinePtr #cards 5 size 8 Array Of Cards #cards 12 size 40 Howl #buckets 4 coarsen threshold 1843 Howl Bitmap #cards 512 size 80 coarsen threshold 460 Card regions per heap region 1 cards per card region 2048
 CPUs: 8 total, 8 available
 Memory: 8035M
 Large Page Support: Disabled
 NUMA Support: Disabled
 Compressed Oops: Enabled (32-bit)
 Heap Region Size: 1M
 Heap Min Capacity: 8M
 Heap Initial Capacity: 8M
 Heap Max Capacity: 2010M
 Pre-touch: Disabled
 Parallel Workers: 8
 Concurrent Workers: 2
 Concurrent Refinement Workers: 8
 Periodic GC: Disabled

Heap:
 garbage-first heap   total 11264K, used 2353K [0x0000000082600000, 0x0000000100000000)
  region size 1024K, 1 young (1024K), 1 survivors (1024K)
 Metaspace       used 10783K, committed 10944K, reserved 1114112K
  class space    used 1086K, committed 1152K, reserved 1048576K

Heap Regions: E=young(eden), S=young(survivor), O=old, HS=humongous(starts), HC=humongous(continues), CS=collection set, F=free, TAMS=top-at-mark-start, PB=parsable bottom
|   0|0x0000000082600000, 0x0000000082700000, 0x0000000082700000|100%| O|  |TAMS 0x0000000082600000| PB 0x0000000082600000| Untracked 
|   1|0x0000000082700000, 0x00000000827c4ad8, 0x0000000082800000| 76%| O|  |TAMS 0x0000000082700000| PB 0x0000000082700000| Untracked 
|   2|0x0000000082800000, 0x0000000082800000, 0x0000000082900000|  0%| F|  |TAMS 0x0000000082800000| PB 0x0000000082800000| Untracked 
|   3|0x0000000082900000, 0x0000000082900000, 0x0000000082a00000|  0%| F|  |TAMS 0x0000000082900000| PB 0x0000000082900000| Untracked 
|   4|0x0000000082a00000, 0x0000000082a00000, 0x0000000082b00000|  0%| F|  |TAMS 0x0000000082a00000| PB 0x0000000082a00000| Untracked 
|   5|0x0000000082b00000, 0x0000000082b879d8, 0x0000000082c00000| 52%| S|CS|TAMS 0x0000000082b00000| PB 0x0000000082b00000| Complete 
|   6|0x0000000082c00000, 0x0000000082c00000, 0x0000000082d00000|  0%| F|  |TAMS 0x0000000082c00000| PB 0x0000000082c00000| Untracked 
|   7|0x0000000082d00000, 0x0000000082d00000, 0x0000000082e00000|  0%| F|  |TAMS 0x0000000082d00000| PB 0x0000000082d00000| Untracked 
|   8|0x0000000082e00000, 0x0000000082e00000, 0x0000000082f00000|  0%| F|  |TAMS 0x0000000082e00000| PB 0x0000000082e00000| Untracked 
|   9|0x0000000082f00000, 0x0000000082f00000, 0x0000000083000000|  0%| F|  |TAMS 0x0000000082f00000| PB 0x0000000082f00000| Untracked 
|  10|0x0000000083000000, 0x0000000083000000, 0x0000000083100000|  0%| F|  |TAMS 0x0000000083000000| PB 0x0000000083000000| Untracked 

Card table byte_map: [0x00000080101f0000,0x00000080105e0000] _byte_map_base: 0x000000800fddd000

Marking Bits: (CMBitMap*) 0x0000008000ba9020
 Bits: [0x00000080105e0000, 0x0000008012548000)

Polling page: 0x0000008000180000

Metaspace:

Usage:
  Non-class:      9.47 MB used.
      Class:      1.06 MB used.
       Both:     10.53 MB used.

Virtual space:
  Non-class space:       64.00 MB reserved,       9.56 MB ( 15%) committed,  1 nodes.
      Class space:        1.00 GB reserved,       1.12 MB ( <1%) committed,  1 nodes.
             Both:        1.06 GB reserved,      10.69 MB ( <1%) committed. 

Chunk freelists:
   Non-Class:  6.40 MB
       Class:  14.71 MB
        Both:  21.12 MB

MaxMetaspaceSize: unlimited
CompressedClassSpaceSize: 1.00 GB
Initial GC threshold: 21.00 MB
Current GC threshold: 21.00 MB
CDS: off
 - commit_granule_bytes: 65536.
 - commit_granule_words: 8192.
 - virtual_space_node_default_size: 8388608.
 - enlarge_chunks_in_place: 1.
 - use_allocation_guard: 0.


Internal statistics:

num_allocs_failed_limit: 0.
num_arena_births: 110.
num_arena_deaths: 0.
num_vsnodes_births: 2.
num_vsnodes_deaths: 0.
num_space_committed: 171.
num_space_uncommitted: 0.
num_chunks_returned_to_freelist: 0.
num_chunks_taken_from_freelist: 179.
num_chunk_merges: 0.
num_chunk_splits: 97.
num_chunks_enlarged: 35.
num_inconsistent_stats: 0.

CodeHeap 'non-profiled nmethods': size=120000Kb used=331Kb max_used=331Kb free=119668Kb
 bounds [0x00000080086f0000, 0x0000008008960000, 0x000000800fc20000]
CodeHeap 'profiled nmethods': size=120000Kb used=1384Kb max_used=1384Kb free=118615Kb
 bounds [0x0000008000c20000, 0x0000008000e90000, 0x0000008008150000]
CodeHeap 'non-nmethods': size=5760Kb used=1321Kb max_used=1363Kb free=4439Kb
 bounds [0x0000008008150000, 0x00000080083c0000, 0x00000080086f0000]
CodeCache: size=245760Kb, used=3036Kb, max_used=3078Kb, free=242722Kb
 total_blobs=1342, nmethods=892, adapters=355, full_count=0
Compilation: enabled, stopped_count=0, restarted_count=0

Compilation events (20 events):
Event: 1.184 Thread 0x000000801904aea0  883       3       java.nio.MappedByteBuffer::limit (8 bytes)
Event: 1.185 Thread 0x000000801904aea0 nmethod 883 0x0000008000d79b90 code [0x0000008000d79d40, 0x0000008000d79ef0]
Event: 1.188 Thread 0x0000008019200970 nmethod 880 0x000000800873e410 code [0x000000800873e6a0, 0x000000800873f568]
Event: 1.189 Thread 0x000000801901fd00 nmethod 881 0x000000800873ff90 code [0x0000008008740180, 0x0000008008740630]
Event: 1.198 Thread 0x000000801901fd00  884       4       java.lang.String::replace (42 bytes)
Event: 1.207 Thread 0x000000801904aea0  886       3       java.nio.channels.spi.AbstractInterruptibleChannel::isOpen (13 bytes)
Event: 1.207 Thread 0x000000801904aea0 nmethod 886 0x0000008000d7a010 code [0x0000008000d7a1a0, 0x0000008000d7a300]
Event: 1.208 Thread 0x000000801904aea0  885       1       sun.nio.ch.NativeThread::currentNativeThread (2 bytes)
Event: 1.208 Thread 0x000000801904aea0 nmethod 885 0x0000008008740e10 code [0x0000008008740fa0, 0x0000008008741050]
Event: 1.208 Thread 0x000000801904aea0  887       1       java.nio.DirectByteBuffer::isReadOnly (2 bytes)
Event: 1.208 Thread 0x000000801904aea0 nmethod 887 0x0000008008741110 code [0x00000080087412a0, 0x0000008008741368]
Event: 1.208 Thread 0x000000801904aea0  888       1       java.nio.ByteBuffer::base (5 bytes)
Event: 1.208 Thread 0x000000801904aea0 nmethod 888 0x0000008008741410 code [0x00000080087415a0, 0x0000008008741668]
Event: 1.208 Thread 0x000000801904aea0  889       1       java.nio.DirectByteBuffer::base (2 bytes)
Event: 1.208 Thread 0x000000801904aea0 nmethod 889 0x0000008008741710 code [0x00000080087418a0, 0x0000008008741970]
Event: 1.208 Thread 0x0000008019200970  891   !   4       jdk.internal.misc.Blocker::begin (97 bytes)
Event: 1.210 Thread 0x0000008019200970 nmethod 891 0x0000008008741a10 code [0x0000008008741ba0, 0x0000008008741c68]
Event: 1.215 Thread 0x0000008019200970  892       4       jdk.internal.misc.Blocker::end (71 bytes)
Event: 1.216 Thread 0x0000008019200970 nmethod 892 0x0000008008741d90 code [0x0000008008741f20, 0x0000008008741fb8]
Event: 1.217 Thread 0x000000801901fd00 nmethod 884 0x0000008008742090 code [0x0000008008742240, 0x0000008008742970]

GC Heap History (19 events):
Event: 0.483 GC heap before
{Heap before GC invocations=0 (full 0):
 garbage-first heap   total 8192K, used 3072K [0x0000000082600000, 0x0000000100000000)
  region size 1024K, 3 young (3072K), 0 survivors (0K)
 Metaspace       used 8757K, committed 8896K, reserved 1114112K
  class space    used 826K, committed 896K, reserved 1048576K
}
Event: 0.488 GC heap after
{Heap after GC invocations=1 (full 0):
 garbage-first heap   total 8192K, used 1120K [0x0000000082600000, 0x0000000100000000)
  region size 1024K, 1 young (1024K), 1 survivors (1024K)
 Metaspace       used 8757K, committed 8896K, reserved 1114112K
  class space    used 826K, committed 896K, reserved 1048576K
}
Event: 0.604 GC heap before
{Heap before GC invocations=1 (full 0):
 garbage-first heap   total 8192K, used 2144K [0x0000000082600000, 0x0000000100000000)
  region size 1024K, 2 young (2048K), 1 survivors (1024K)
 Metaspace       used 9747K, committed 9920K, reserved 1114112K
  class space    used 958K, committed 1024K, reserved 1048576K
}
Event: 0.608 GC heap after
{Heap after GC invocations=2 (full 0):
 garbage-first heap   total 8192K, used 1196K [0x0000000082600000, 0x0000000100000000)
  region size 1024K, 1 young (1024K), 1 survivors (1024K)
 Metaspace       used 9747K, committed 9920K, reserved 1114112K
  class space    used 958K, committed 1024K, reserved 1048576K
}
Event: 0.778 GC heap before
{Heap before GC invocations=2 (full 0):
 garbage-first heap   total 8192K, used 2220K [0x0000000082600000, 0x0000000100000000)
  region size 1024K, 3 young (3072K), 1 survivors (1024K)
 Metaspace       used 10641K, committed 10816K, reserved 1114112K
  class space    used 1086K, committed 1152K, reserved 1048576K
}
Event: 0.780 GC heap after
{Heap after GC invocations=3 (full 0):
 garbage-first heap   total 8192K, used 1765K [0x0000000082600000, 0x0000000100000000)
  region size 1024K, 1 young (1024K), 1 survivors (1024K)
 Metaspace       used 10641K, committed 10816K, reserved 1114112K
  class space    used 1086K, committed 1152K, reserved 1048576K
}
Event: 0.824 GC heap before
{Heap before GC invocations=3 (full 0):
 garbage-first heap   total 8192K, used 2789K [0x0000000082600000, 0x0000000100000000)
  region size 1024K, 3 young (3072K), 1 survivors (1024K)
 Metaspace       used 10664K, committed 10816K, reserved 1114112K
  class space    used 1086K, committed 1152K, reserved 1048576K
}
Event: 0.827 GC heap after
{Heap after GC invocations=4 (full 0):
 garbage-first heap   total 8192K, used 1910K [0x0000000082600000, 0x0000000100000000)
  region size 1024K, 1 young (1024K), 1 survivors (1024K)
 Metaspace       used 10664K, committed 10816K, reserved 1114112K
  class space    used 1086K, committed 1152K, reserved 1048576K
}
Event: 0.879 GC heap before
{Heap before GC invocations=4 (full 0):
 garbage-first heap   total 8192K, used 3958K [0x0000000082600000, 0x0000000100000000)
  region size 1024K, 3 young (3072K), 1 survivors (1024K)
 Metaspace       used 10686K, committed 10880K, reserved 1114112K
  class space    used 1086K, committed 1152K, reserved 1048576K
}
Event: 0.881 GC heap after
{Heap after GC invocations=5 (full 0):
 garbage-first heap   total 8192K, used 1903K [0x0000000082600000, 0x0000000100000000)
  region size 1024K, 1 young (1024K), 1 survivors (1024K)
 Metaspace       used 10686K, committed 10880K, reserved 1114112K
  class space    used 1086K, committed 1152K, reserved 1048576K
}
Event: 0.913 GC heap before
{Heap before GC invocations=5 (full 0):
 garbage-first heap   total 8192K, used 2927K [0x0000000082600000, 0x0000000100000000)
  region size 1024K, 3 young (3072K), 1 survivors (1024K)
 Metaspace       used 10701K, committed 10880K, reserved 1114112K
  class space    used 1086K, committed 1152K, reserved 1048576K
}
Event: 0.915 GC heap after
{Heap after GC invocations=6 (full 0):
 garbage-first heap   total 11264K, used 1929K [0x0000000082600000, 0x0000000100000000)
  region size 1024K, 1 young (1024K), 1 survivors (1024K)
 Metaspace       used 10701K, committed 10880K, reserved 1114112K
  class space    used 1086K, committed 1152K, reserved 1048576K
}
Event: 0.992 GC heap before
{Heap before GC invocations=6 (full 0):
 garbage-first heap   total 11264K, used 6025K [0x0000000082600000, 0x0000000100000000)
  region size 1024K, 6 young (6144K), 1 survivors (1024K)
 Metaspace       used 10762K, committed 10944K, reserved 1114112K
  class space    used 1086K, committed 1152K, reserved 1048576K
}
Event: 0.994 GC heap after
{Heap after GC invocations=7 (full 0):
 garbage-first heap   total 11264K, used 2026K [0x0000000082600000, 0x0000000100000000)
  region size 1024K, 1 young (1024K), 1 survivors (1024K)
 Metaspace       used 10762K, committed 10944K, reserved 1114112K
  class space    used 1086K, committed 1152K, reserved 1048576K
}
Event: 1.066 GC heap before
{Heap before GC invocations=7 (full 0):
 garbage-first heap   total 11264K, used 6122K [0x0000000082600000, 0x0000000100000000)
  region size 1024K, 6 young (6144K), 1 survivors (1024K)
 Metaspace       used 10778K, committed 10944K, reserved 1114112K
  class space    used 1086K, committed 1152K, reserved 1048576K
}
Event: 1.068 GC heap after
{Heap after GC invocations=8 (full 0):
 garbage-first heap   total 11264K, used 2141K [0x0000000082600000, 0x0000000100000000)
  region size 1024K, 1 young (1024K), 1 survivors (1024K)
 Metaspace       used 10778K, committed 10944K, reserved 1114112K
  class space    used 1086K, committed 1152K, reserved 1048576K
}
Event: 1.167 GC heap before
{Heap before GC invocations=8 (full 0):
 garbage-first heap   total 11264K, used 6237K [0x0000000082600000, 0x0000000100000000)
  region size 1024K, 6 young (6144K), 1 survivors (1024K)
 Metaspace       used 10782K, committed 10944K, reserved 1114112K
  class space    used 1086K, committed 1152K, reserved 1048576K
}
Event: 1.169 GC heap after
{Heap after GC invocations=9 (full 0):
 garbage-first heap   total 11264K, used 2227K [0x0000000082600000, 0x0000000100000000)
  region size 1024K, 1 young (1024K), 1 survivors (1024K)
 Metaspace       used 10782K, committed 10944K, reserved 1114112K
  class space    used 1086K, committed 1152K, reserved 1048576K
}
Event: 1.228 GC heap before
{Heap before GC invocations=9 (full 0):
 garbage-first heap   total 11264K, used 6323K [0x0000000082600000, 0x0000000100000000)
  region size 1024K, 6 young (6144K), 1 survivors (1024K)
 Metaspace       used 10783K, committed 10944K, reserved 1114112K
  class space    used 1086K, committed 1152K, reserved 1048576K
}

Dll operation events (2 events):
Event: 0.017 Loaded shared library C:\Program Files\Android\Android Studio2\jbr\bin\java.dll
Event: 0.026 Loaded shared library C:\Program Files\Android\Android Studio2\jbr\bin\zip.dll

Deoptimization events (14 events):
Event: 0.295 Thread 0x0000008000b59940 Uncommon trap: trap_request=0xffffff45 fr.pc=0x00000080086f354c relative=0x00000000000000ac
Event: 0.295 Thread 0x0000008000b59940 Uncommon trap: reason=unstable_if action=reinterpret pc=0x00000080086f354c method=java.lang.String.hashCode()I @ 13 c2
Event: 0.295 Thread 0x0000008000b59940 DEOPT PACKING pc=0x00000080086f354c sp=0x0000008000a7b4f0
Event: 0.295 Thread 0x0000008000b59940 DEOPT UNPACKING pc=0x00000080081a46a2 sp=0x0000008000a7b488 mode 2
Event: 0.835 Thread 0x0000008000b59940 DEOPT PACKING pc=0x0000008000c971bf sp=0x0000008000a7e6e0
Event: 0.835 Thread 0x0000008000b59940 DEOPT UNPACKING pc=0x00000080081a4e42 sp=0x0000008000a7dc00 mode 0
Event: 0.868 Thread 0x0000008000b59940 Uncommon trap: trap_request=0xffffff45 fr.pc=0x000000800872b698 relative=0x00000000000004f8
Event: 0.868 Thread 0x0000008000b59940 Uncommon trap: reason=unstable_if action=reinterpret pc=0x000000800872b698 method=java.io.BufferedOutputStream.implWrite(I)V @ 14 c2
Event: 0.868 Thread 0x0000008000b59940 DEOPT PACKING pc=0x000000800872b698 sp=0x0000008000a7e690
Event: 0.868 Thread 0x0000008000b59940 DEOPT UNPACKING pc=0x00000080081a46a2 sp=0x0000008000a7e5d0 mode 2
Event: 0.907 Thread 0x0000008000b59940 Uncommon trap: trap_request=0xffffff45 fr.pc=0x0000008008728e60 relative=0x0000000000000220
Event: 0.907 Thread 0x0000008000b59940 Uncommon trap: reason=unstable_if action=reinterpret pc=0x0000008008728e60 method=java.io.BufferedOutputStream.implWrite(I)V @ 14 c2
Event: 0.907 Thread 0x0000008000b59940 DEOPT PACKING pc=0x0000008008728e60 sp=0x0000008000a7e5d0
Event: 0.908 Thread 0x0000008000b59940 DEOPT UNPACKING pc=0x00000080081a46a2 sp=0x0000008000a7e588 mode 2

Classes loaded (20 events):
Event: 0.742 Loading class java/util/zip/ZipOutputStream$XEntry
Event: 0.742 Loading class java/util/zip/ZipOutputStream$XEntry done
Event: 0.746 Loading class java/util/zip/ZipFile$ZipFileInflaterInputStream
Event: 0.746 Loading class java/util/zip/InflaterInputStream
Event: 0.746 Loading class java/util/zip/InflaterInputStream done
Event: 0.746 Loading class java/util/zip/ZipFile$ZipFileInflaterInputStream done
Event: 0.746 Loading class java/util/zip/ZipFile$InflaterCleanupAction
Event: 0.747 Loading class java/util/zip/ZipFile$InflaterCleanupAction done
Event: 0.759 Loading class sun/nio/ch/NativeThread
Event: 0.759 Loading class sun/nio/ch/NativeThread done
Event: 0.759 Loading class sun/nio/ch/Util
Event: 0.759 Loading class sun/nio/ch/Util done
Event: 0.759 Loading class sun/nio/ch/Util$1
Event: 0.759 Loading class sun/nio/ch/Util$1 done
Event: 0.759 Loading class sun/nio/ch/Util$BufferCache
Event: 0.760 Loading class sun/nio/ch/Util$BufferCache done
Event: 0.760 Loading class java/nio/DirectByteBuffer$Deallocator
Event: 0.760 Loading class java/nio/DirectByteBuffer$Deallocator done
Event: 0.760 Loading class sun/nio/ch/IOStatus
Event: 0.760 Loading class sun/nio/ch/IOStatus done

Classes unloaded (0 events):
No events

Classes redefined (0 events):
No events

Internal exceptions (17 events):
Event: 0.416 Thread 0x0000008000b59940 Exception <a 'sun/nio/fs/WindowsException'{0x0000000082b5f728}> (0x0000000082b5f728) 
thrown [s\src\hotspot\share\prims\jni.cpp, line 537]
Event: 0.585 Thread 0x0000008000b59940 Exception <a 'java/lang/NoSuchMethodError'{0x0000000082dd8c88}: 'void java.lang.invoke.DirectMethodHandle$Holder.invokeSpecial(java.lang.Object, java.lang.Object, java.lang.Object)'> (0x0000000082dd8c88) 
thrown [s\src\hotspot\share\interpreter\linkResolver.cpp, line 784]
Event: 0.587 Thread 0x0000008000b59940 Exception <a 'java/lang/NoSuchMethodError'{0x0000000082ddf358}: 'void java.lang.invoke.DirectMethodHandle$Holder.invokeStatic(java.lang.Object, java.lang.Object, java.lang.Object, java.lang.Object)'> (0x0000000082ddf358) 
thrown [s\src\hotspot\share\interpreter\linkResolver.cpp, line 784]
Event: 0.595 Thread 0x0000008000b59940 Exception <a 'java/lang/NoSuchMethodError'{0x0000000082de8020}: 'void java.lang.invoke.DirectMethodHandle$Holder.invokeSpecialIFC(java.lang.Object, java.lang.Object, java.lang.Object, java.lang.Object)'> (0x0000000082de8020) 
thrown [s\src\hotspot\share\interpreter\linkResolver.cpp, line 784]
Event: 0.598 Thread 0x0000008000b59940 Exception <a 'java/lang/NoSuchMethodError'{0x0000000082deea70}: 'void java.lang.invoke.DirectMethodHandle$Holder.invokeSpecialIFC(java.lang.Object, java.lang.Object, java.lang.Object)'> (0x0000000082deea70) 
thrown [s\src\hotspot\share\interpreter\linkResolver.cpp, line 784]
Event: 0.601 Thread 0x0000008000b59940 Exception <a 'java/lang/NoSuchMethodError'{0x0000000082df68a0}: 'java.lang.Object java.lang.invoke.DirectMethodHandle$Holder.invokeStaticInit(java.lang.Object, java.lang.Object, java.lang.Object, java.lang.Object, java.lang.Object)'> (0x0000000082df68a0) 
thrown [s\src\hotspot\share\interpreter\linkResolver.cpp, line 784]
Event: 0.602 Thread 0x0000008000b59940 Exception <a 'java/lang/NoSuchMethodError'{0x0000000082dfaca8}: 'java.lang.Object java.lang.invoke.Invokers$Holder.invokeExact_MT(java.lang.Object, java.lang.Object, java.lang.Object, java.lang.Object, java.lang.Object, java.lang.Object)'> (0x0000000082dfaca8) 
thrown [s\src\hotspot\share\interpreter\linkResolver.cpp, line 784]
Event: 0.608 Thread 0x0000008000b59940 Exception <a 'java/lang/NoSuchMethodError'{0x0000000082c001a8}: 'int java.lang.invoke.DirectMethodHandle$Holder.invokeSpecial(java.lang.Object, java.lang.Object, java.lang.Object, java.lang.Object)'> (0x0000000082c001a8) 
thrown [s\src\hotspot\share\interpreter\linkResolver.cpp, line 784]
Event: 0.612 Thread 0x0000008000b59940 Exception <a 'java/lang/NoSuchMethodError'{0x0000000082d0f190}: 'int java.lang.invoke.DirectMethodHandle$Holder.invokeStaticInit(java.lang.Object, java.lang.Object, java.lang.Object, java.lang.Object, java.lang.Object)'> (0x0000000082d0f190) 
thrown [s\src\hotspot\share\interpreter\linkResolver.cpp, line 784]
Event: 0.613 Thread 0x0000008000b59940 Exception <a 'java/lang/NoSuchMethodError'{0x0000000082d17368}: 'int java.lang.invoke.DirectMethodHandle$Holder.invokeStaticInit(java.lang.Object, java.lang.Object, java.lang.Object, java.lang.Object, java.lang.Object, java.lang.Object)'> (0x0000000082d17368) 
thrown [s\src\hotspot\share\interpreter\linkResolver.cpp, line 784]
Event: 0.622 Thread 0x0000008000b59940 Exception <a 'java/lang/NoSuchMethodError'{0x0000000082d33730}: 'java.lang.Object java.lang.invoke.DelegatingMethodHandle$Holder.delegate(java.lang.Object, int, java.lang.Object, java.lang.Object)'> (0x0000000082d33730) 
thrown [s\src\hotspot\share\interpreter\linkResolver.cpp, line 784]
Event: 0.635 Thread 0x0000008000b59940 Exception <a 'java/lang/NoSuchMethodError'{0x0000000082d60758}: 'java.lang.Object java.lang.invoke.DirectMethodHandle$Holder.invokeSpecial(java.lang.Object, java.lang.Object, java.lang.Object, int, java.lang.Object)'> (0x0000000082d60758) 
thrown [s\src\hotspot\share\interpreter\linkResolver.cpp, line 784]
Event: 0.643 Thread 0x0000008000b59940 Exception <a 'java/lang/NoSuchMethodError'{0x0000000082d8d610}: 'java.lang.Object java.lang.invoke.DirectMethodHandle$Holder.invokeStatic(java.lang.Object, java.lang.Object, java.lang.Object, java.lang.Object, int)'> (0x0000000082d8d610) 
thrown [s\src\hotspot\share\interpreter\linkResolver.cpp, line 784]
Event: 0.644 Thread 0x0000008000b59940 Exception <a 'java/lang/NoSuchMethodError'{0x0000000082d95158}: 'int java.lang.invoke.DirectMethodHandle$Holder.invokeSpecial(java.lang.Object, java.lang.Object, int)'> (0x0000000082d95158) 
thrown [s\src\hotspot\share\interpreter\linkResolver.cpp, line 784]
Event: 0.645 Thread 0x0000008000b59940 Exception <a 'java/lang/NoSuchMethodError'{0x0000000082d9d3e0}: 'int java.lang.invoke.DirectMethodHandle$Holder.invokeSpecial(java.lang.Object, java.lang.Object, java.lang.Object, int)'> (0x0000000082d9d3e0) 
thrown [s\src\hotspot\share\interpreter\linkResolver.cpp, line 784]
Event: 0.645 Thread 0x0000008000b59940 Exception <a 'java/lang/NoSuchMethodError'{0x0000000082da0d08}: 'int java.lang.invoke.Invokers$Holder.linkToTargetMethod(java.lang.Object, int, java.lang.Object)'> (0x0000000082da0d08) 
thrown [s\src\hotspot\share\interpreter\linkResolver.cpp, line 784]
Event: 0.646 Thread 0x0000008000b59940 Exception <a 'java/lang/NoSuchMethodError'{0x0000000082da4688}: 'void java.lang.invoke.DirectMethodHandle$Holder.invokeStaticInit(java.lang.Object)'> (0x0000000082da4688) 
thrown [s\src\hotspot\share\interpreter\linkResolver.cpp, line 784]

ZGC Phase Switch (0 events):
No events

VM Operations (20 events):
Event: 0.488 Executing VM operation: G1CollectForAllocation (G1 Evacuation Pause) done
Event: 0.604 Executing VM operation: G1CollectForAllocation (G1 Evacuation Pause)
Event: 0.608 Executing VM operation: G1CollectForAllocation (G1 Evacuation Pause) done
Event: 0.653 Executing VM operation: HandshakeAllThreads (Deoptimize)
Event: 0.654 Executing VM operation: HandshakeAllThreads (Deoptimize) done
Event: 0.778 Executing VM operation: G1CollectForAllocation (G1 Evacuation Pause)
Event: 0.780 Executing VM operation: G1CollectForAllocation (G1 Evacuation Pause) done
Event: 0.824 Executing VM operation: G1CollectForAllocation (G1 Evacuation Pause)
Event: 0.827 Executing VM operation: G1CollectForAllocation (G1 Evacuation Pause) done
Event: 0.879 Executing VM operation: G1CollectForAllocation (G1 Evacuation Pause)
Event: 0.881 Executing VM operation: G1CollectForAllocation (G1 Evacuation Pause) done
Event: 0.913 Executing VM operation: G1CollectForAllocation (G1 Evacuation Pause)
Event: 0.915 Executing VM operation: G1CollectForAllocation (G1 Evacuation Pause) done
Event: 0.992 Executing VM operation: G1CollectForAllocation (G1 Evacuation Pause)
Event: 0.994 Executing VM operation: G1CollectForAllocation (G1 Evacuation Pause) done
Event: 1.066 Executing VM operation: G1CollectForAllocation (G1 Evacuation Pause)
Event: 1.068 Executing VM operation: G1CollectForAllocation (G1 Evacuation Pause) done
Event: 1.167 Executing VM operation: G1CollectForAllocation (G1 Evacuation Pause)
Event: 1.169 Executing VM operation: G1CollectForAllocation (G1 Evacuation Pause) done
Event: 1.228 Executing VM operation: G1CollectForAllocation (G1 Evacuation Pause)

Memory protections (0 events):
No events

Nmethod flushes (0 events):
No events

Events (20 events):
Event: 0.024 Thread 0x0000008000b59940 Thread added: 0x0000008000b59940
Event: 0.123 Thread 0x0000008000b59940 Thread added: 0x0000008014c32dd0
Event: 0.140 Thread 0x0000008000b59940 Thread added: 0x0000008014c3dc90
Event: 0.141 Thread 0x0000008000b59940 Thread added: 0x0000008014c46fe0
Event: 0.144 Thread 0x0000008000b59940 Thread added: 0x000000801902d360
Event: 0.145 Thread 0x0000008000b59940 Thread added: 0x000000801902d9d0
Event: 0.145 Thread 0x0000008000b59940 Thread added: 0x0000008019036450
Event: 0.145 Thread 0x0000008000b59940 Thread added: 0x0000008019037ad0
Event: 0.146 Thread 0x0000008000b59940 Thread added: 0x000000801901fd00
Event: 0.146 Thread 0x0000008000b59940 Thread added: 0x000000801904aea0
Event: 0.224 Thread 0x0000008000b59940 Thread added: 0x00000080191f2340
Event: 0.240 Loaded shared library C:\Program Files\Android\Android Studio2\jbr\bin\jimage.dll
Event: 0.274 Loaded shared library C:\Program Files\Android\Android Studio2\jbr\bin\zip.dll
Event: 0.409 Loaded shared library C:\Program Files\Android\Android Studio2\jbr\bin\net.dll
Event: 0.412 Loaded shared library C:\Program Files\Android\Android Studio2\jbr\bin\nio.dll
Event: 0.503 Thread 0x000000801904aea0 Thread added: 0x00000080191fee30
Event: 0.722 Thread 0x00000080191fee30 Thread exited: 0x00000080191fee30
Event: 0.746 Thread 0x000000801904aea0 Thread added: 0x0000008019200970
Event: 0.785 Thread 0x000000801904aea0 Thread added: 0x00000080191ff500
Event: 0.959 Thread 0x00000080191ff500 Thread exited: 0x00000080191ff500


Dynamic libraries:
0x00007ff670210000 - 0x00007ff670218000 	C:\Program Files\Android\Android Studio2\jbr\bin\jmod.exe
0x00007ffd69400000 - 0x00007ffd69661000 	C:\WINDOWS\SYSTEM32\ntdll.dll
0x00007ffd686c0000 - 0x00007ffd6878a000 	C:\WINDOWS\System32\KERNEL32.DLL
0x00007ffd66a10000 - 0x00007ffd66e08000 	C:\WINDOWS\System32\KERNELBASE.dll
0x00007ffd66e10000 - 0x00007ffd66f5f000 	C:\WINDOWS\System32\ucrtbase.dll
0x00007ffd28f60000 - 0x00007ffd28f7b000 	C:\Program Files\Android\Android Studio2\jbr\bin\VCRUNTIME140.dll
0x00007ffd5ccd0000 - 0x00007ffd5cce8000 	C:\Program Files\Android\Android Studio2\jbr\bin\jli.dll
0x00007ffd69010000 - 0x00007ffd691d7000 	C:\WINDOWS\System32\USER32.dll
0x00007ffd664e0000 - 0x00007ffd66507000 	C:\WINDOWS\System32\win32u.dll
0x00007ffd52540000 - 0x00007ffd527d7000 	C:\WINDOWS\WinSxS\amd64_microsoft.windows.common-controls_6595b64144ccf1df_6.0.27975.1_none_f49861e812a994c7\COMCTL32.dll
0x00007ffd688f0000 - 0x00007ffd68923000 	C:\WINDOWS\System32\GDI32.dll
0x00007ffd68810000 - 0x00007ffd688b9000 	C:\WINDOWS\System32\msvcrt.dll
0x00007ffd66ff0000 - 0x00007ffd67116000 	C:\WINDOWS\System32\gdi32full.dll
0x00007ffd66640000 - 0x00007ffd666e4000 	C:\WINDOWS\System32\msvcp_win.dll
0x00007ffd683d0000 - 0x00007ffd68474000 	C:\WINDOWS\System32\sechost.dll
0x00007ffd67e20000 - 0x00007ffd67e50000 	C:\WINDOWS\System32\IMM32.DLL
0x00007ffd3d780000 - 0x00007ffd3d78c000 	C:\Program Files\Android\Android Studio2\jbr\bin\vcruntime140_1.dll
0x00007ffd38d10000 - 0x00007ffd38d9d000 	C:\Program Files\Android\Android Studio2\jbr\bin\msvcp140.dll
0x00007ffd08ed0000 - 0x00007ffd09b66000 	C:\Program Files\Android\Android Studio2\jbr\bin\server\jvm.dll
0x00007ffd68570000 - 0x00007ffd68624000 	C:\WINDOWS\System32\ADVAPI32.dll
0x00007ffd68cd0000 - 0x00007ffd68dea000 	C:\WINDOWS\System32\RPCRT4.dll
0x00007ffd68630000 - 0x00007ffd686a5000 	C:\WINDOWS\System32\WS2_32.dll
0x00007ffd662c0000 - 0x00007ffd6631f000 	C:\WINDOWS\SYSTEM32\POWRPROF.dll
0x00007ffd54d60000 - 0x00007ffd54d6b000 	C:\WINDOWS\SYSTEM32\VERSION.dll
0x00007ffd524e0000 - 0x00007ffd52515000 	C:\WINDOWS\SYSTEM32\WINMM.dll
0x00007ffd662a0000 - 0x00007ffd662ba000 	C:\WINDOWS\SYSTEM32\UMPDC.dll
0x00007ffd65250000 - 0x00007ffd6526b000 	C:\WINDOWS\SYSTEM32\kernel.appcore.dll
0x00007ffd3d6e0000 - 0x00007ffd3d6ea000 	C:\Program Files\Android\Android Studio2\jbr\bin\jimage.dll
0x00007ffd63cf0000 - 0x00007ffd63fc2000 	C:\WINDOWS\SYSTEM32\DBGHELP.DLL
0x00007ffd67fc0000 - 0x00007ffd6833f000 	C:\WINDOWS\System32\combase.dll
0x00007ffd692e0000 - 0x00007ffd693b8000 	C:\WINDOWS\System32\OLEAUT32.dll
0x00007ffd523c0000 - 0x00007ffd5240a000 	C:\WINDOWS\SYSTEM32\dbgcore.DLL
0x00007ffd66430000 - 0x00007ffd664cf000 	C:\WINDOWS\System32\bcryptPrimitives.dll
0x00007ffd08eb0000 - 0x00007ffd08ed0000 	C:\Program Files\Android\Android Studio2\jbr\bin\java.dll
0x00007ffd08e90000 - 0x00007ffd08ea8000 	C:\Program Files\Android\Android Studio2\jbr\bin\zip.dll
0x00007ffd67190000 - 0x00007ffd678e3000 	C:\WINDOWS\System32\SHELL32.dll
0x00007ffd66720000 - 0x00007ffd6688d000 	C:\WINDOWS\System32\wintypes.dll
0x00007ffd640b0000 - 0x00007ffd6492c000 	C:\WINDOWS\SYSTEM32\windows.storage.dll
0x00007ffd691e0000 - 0x00007ffd692d7000 	C:\WINDOWS\System32\SHCORE.dll
0x00007ffd67120000 - 0x00007ffd67182000 	C:\WINDOWS\System32\shlwapi.dll
0x00007ffd66350000 - 0x00007ffd66378000 	C:\WINDOWS\SYSTEM32\profapi.dll
0x00007ffd3d4c0000 - 0x00007ffd3d4d0000 	C:\Program Files\Android\Android Studio2\jbr\bin\net.dll
0x00007ffd59a90000 - 0x00007ffd59bac000 	C:\WINDOWS\SYSTEM32\WINHTTP.dll
0x00007ffd665d0000 - 0x00007ffd6663b000 	C:\WINDOWS\System32\mswsock.dll
0x00007ffd08e70000 - 0x00007ffd08e86000 	C:\Program Files\Android\Android Studio2\jbr\bin\nio.dll

JVMTI agents: none

dbghelp: loaded successfully - version: 4.0.5 - missing functions: none
symbol engine: initialized successfully - sym options: 0x614 - pdb path: .;C:\Program Files\Android\Android Studio2\jbr\bin;C:\WINDOWS\SYSTEM32;C:\WINDOWS\WinSxS\amd64_microsoft.windows.common-controls_6595b64144ccf1df_6.0.27975.1_none_f49861e812a994c7;C:\Program Files\Android\Android Studio2\jbr\bin\server

VM Arguments:
jvm_args: -Dapplication.home=C:\Program Files\Android\Android Studio2\jbr -Xms8m -Djdk.module.main=jdk.jlink 
java_command: jdk.jlink/jdk.tools.jmod.Main create --module-version 21 --target-platform LINUX-OTHER --class-path C:\Users\Admin\.gradle\caches\8.13\transforms\61abe75ad9bcb57a6edf74cc0deaa840-e7b11cfc-5f20-4f96-917c-23bd4c92e539\transformed\output\temp\module.jar C:\Users\Admin\.gradle\caches\8.13\transforms\61abe75ad9bcb57a6edf74cc0deaa840-e7b11cfc-5f20-4f96-917c-23bd4c92e539\transformed\output\temp\jmod\java.base.jmod
java_class_path (initial): <not set>
Launcher Type: SUN_STANDARD

[Global flags]
     intx CICompilerCount                          = 4                                         {product} {ergonomic}
     uint ConcGCThreads                            = 2                                         {product} {ergonomic}
     uint G1ConcRefinementThreads                  = 8                                         {product} {ergonomic}
   size_t G1HeapRegionSize                         = 1048576                                   {product} {ergonomic}
    uintx GCDrainStackTargetSize                   = 64                                        {product} {ergonomic}
   size_t InitialHeapSize                          = 8388608                                   {product} {command line}
   size_t MarkStackSize                            = 4194304                                   {product} {ergonomic}
   size_t MaxHeapSize                              = 2107637760                                {product} {ergonomic}
   size_t MaxNewSize                               = 1264582656                                {product} {ergonomic}
   size_t MinHeapDeltaBytes                        = 1048576                                   {product} {ergonomic}
   size_t MinHeapSize                              = 8388608                                   {product} {command line}
    uintx NonNMethodCodeHeapSize                   = 5839372                                {pd product} {ergonomic}
    uintx NonProfiledCodeHeapSize                  = 122909434                              {pd product} {ergonomic}
    uintx ProfiledCodeHeapSize                     = 122909434                              {pd product} {ergonomic}
    uintx ReservedCodeCacheSize                    = 251658240                              {pd product} {ergonomic}
     bool SegmentedCodeCache                       = true                                      {product} {ergonomic}
   size_t SoftMaxHeapSize                          = 2107637760                             {manageable} {ergonomic}
     bool UseCompressedOops                        = true                           {product lp64_product} {ergonomic}
     bool UseG1GC                                  = true                                      {product} {ergonomic}
     bool UseLargePagesIndividualAllocation        = false                                  {pd product} {ergonomic}

Logging:
Log output configuration:
 #0: stdout all=warning uptime,level,tags foldmultilines=false
 #1: stderr all=off uptime,level,tags foldmultilines=false

Environment Variables:
PATH=C:\WINDOWS\system32;C:\WINDOWS;C:\WINDOWS\System32\Wbem;C:\WINDOWS\System32\WindowsPowerShell\v1.0\;C:\WINDOWS\System32\OpenSSH\;C:\Program Files\Microsoft SQL Server\110\Tools\Binn\;D:\;C:\Program Files\Microsoft SQL Server\150\Tools\Binn\;C:\Users\Admin\AppData\Local\Microsoft\WindowsApps;C:\Users\Admin\AppData\Local\Programs\Microsoft VS Code\bin;C:\Users\Admin\AppData\Roaming\npm;C:\Users\Admin\.dotnet\tools;
USERNAME=Admin
OS=Windows_NT
PROCESSOR_IDENTIFIER=Intel64 Family 6 Model 142 Stepping 10, GenuineIntel
TMP=C:\Users\Admin\AppData\Local\Temp
TEMP=C:\Users\Admin\AppData\Local\Temp




Periodic native trim disabled

JNI global refs:
JNI global refs: 8, weak refs: 0

JNI global refs memory usage: 835, weak refs: 833

Process memory usage:
Resident Set Size: 63380K (0% of 8228052K total physical memory with 818904K free physical memory)

OOME stack traces (most recent first):
Classloader memory used:
Loader bootstrap                                                                       : 10469K
Loader jdk.internal.loader.ClassLoaders$AppClassLoader                                 : 314K

---------------  S Y S T E M  ---------------

OS:
 Windows 11 , 64 bit Build 27975 (10.0.27975.1)
OS uptime: 2 days 19:39 hours
Hyper-V role detected

CPU: total 8 (initial active 8) (4 cores per cpu, 2 threads per core) family 6 model 142 stepping 10 microcode 0xf6, cx8, cmov, fxsr, ht, mmx, 3dnowpref, sse, sse2, sse3, ssse3, sse4.1, sse4.2, popcnt, lzcnt, tsc, tscinvbit, avx, avx2, aes, erms, clmul, bmi1, bmi2, adx, fma, vzeroupper, clflush, clflushopt, hv, rdtscp, f16c
Processor Information for the first 8 processors :
  Max Mhz: 1800, Current Mhz: 1600, Mhz Limit: 1584

Memory: 4k page, system-wide physical 8035M (799M free)
TotalPageFile size 12131M (AvailPageFile size 8M)
current process WorkingSet (physical memory assigned to process): 61M, peak: 62M
current process commit charge ("private bytes"): 97M, peak: 101M

vm_info: OpenJDK 64-Bit Server VM (21.0.8+-14018985-b1038.68) for windows-amd64 JRE (21.0.8+-14018985-b1038.68), built on 2025-08-29T19:56:34Z by "builder" with MS VC++ 16.10 / 16.11 (VS2019)

END.
